<?xml version="1.0" encoding="UTF-8"?>
<!-- Generated by org.testng.reporters.JUnitReportReporter -->
<testsuite skipped="0" hostname="DESKTOP-5TOTOK8" name="com.webtest.demo.wqExcelTest" tests="2" failures="0" timestamp="2020-12-09T10:32:55 CST" time="32.151" errors="0">
  <testcase name="order_test23" time="17.923" classname="com.webtest.demo.wqExcelTest"/>
  <system-out/>
  <testcase name="order_test23" time="14.228" classname="com.webtest.demo.wqExcelTest"/>
  <system-out/>
</testsuite> <!-- com.webtest.demo.wqExcelTest -->
