<?xml version="1.0" encoding="UTF-8"?>
<!-- Generated by org.testng.reporters.JUnitReportReporter -->
<testsuite skipped="0" hostname="DESKTOP-5TOTOK8" name="com.webtest.demo.hzxExcelDemo" tests="2" failures="0" timestamp="2020-12-09T10:32:55 CST" time="37.675" errors="0">
  <testcase name="test_usernameisEnglish_regist" time="19.298" classname="com.webtest.demo.hzxExcelDemo"/>
  <system-out/>
  <testcase name="test_usernameisEnglish_regist" time="18.377" classname="com.webtest.demo.hzxExcelDemo"/>
  <system-out/>
</testsuite> <!-- com.webtest.demo.hzxExcelDemo -->
