<?xml version="1.0" encoding="UTF-8"?>
<!-- Generated by org.testng.reporters.JUnitReportReporter -->
<testsuite skipped="0" hostname="DESKTOP-5TOTOK8" name="com.webtest.demo.zsmExcelDemo" tests="2" failures="0" timestamp="2020-12-09T10:32:55 CST" time="42.402" errors="0">
  <testcase name="test43" time="21.230" classname="com.webtest.demo.zsmExcelDemo"/>
  <system-out/>
  <testcase name="test43" time="21.172" classname="com.webtest.demo.zsmExcelDemo"/>
  <system-out/>
</testsuite> <!-- com.webtest.demo.zsmExcelDemo -->
