<?xml version="1.0" encoding="UTF-8"?>
<!-- Generated by org.testng.reporters.JUnitReportReporter -->
<testsuite skipped="0" hostname="DESKTOP-5TOTOK8" name="com.webtest.demo.lhyExcelDataTest" tests="1" failures="0" timestamp="2020-12-09T10:32:55 CST" time="70.321" errors="0">
  <testcase name="cart_test38" time="70.321" classname="com.webtest.demo.lhyExcelDataTest"/>
  <system-out/>
</testsuite> <!-- com.webtest.demo.lhyExcelDataTest -->
