<?xml version="1.0" encoding="UTF-8"?>
<!-- Generated by org.testng.reporters.JUnitReportReporter -->
<testsuite skipped="0" hostname="DESKTOP-5TOTOK8" name="com.webtest.demo.zchExcelDataTest" tests="2" failures="0" timestamp="2020-12-09T10:32:55 CST" time="41.581" errors="0">
  <testcase name="test01" time="21.034" classname="com.webtest.demo.zchExcelDataTest"/>
  <system-out/>
  <testcase name="test01" time="20.547" classname="com.webtest.demo.zchExcelDataTest"/>
  <system-out/>
</testsuite> <!-- com.webtest.demo.zchExcelDataTest -->
