<?xml version="1.0" encoding="UTF-8"?>
<!-- Generated by org.testng.reporters.JUnitReportReporter -->
<testsuite skipped="0" hostname="DESKTOP-5TOTOK8" name="com.webtest.demo.ExcelDateTest" tests="3" failures="0" timestamp="2020-11-26T11:39:51 CST" time="60.760" errors="0">
  <testcase name="test01" time="20.220" classname="com.webtest.demo.ExcelDateTest"/>
  <system-out/>
  <testcase name="test01" time="20.334" classname="com.webtest.demo.ExcelDateTest"/>
  <system-out/>
  <testcase name="test01" time="20.206" classname="com.webtest.demo.ExcelDateTest"/>
  <system-out/>
</testsuite> <!-- com.webtest.demo.ExcelDateTest -->
