<?xml version="1.0" encoding="UTF-8"?>
<!-- Generated by org.testng.reporters.JUnitReportReporter -->
<testsuite skipped="0" hostname="DESKTOP-5TOTOK8" name="com.webtest.demo.ExcelDataTest" tests="3" failures="0" timestamp="2020-12-07T08:39:05 CST" time="64.209" errors="0">
  <testcase name="test01" time="20.496" classname="com.webtest.demo.ExcelDataTest"/>
  <system-out/>
  <testcase name="test01" time="23.213" classname="com.webtest.demo.ExcelDataTest"/>
  <system-out/>
  <testcase name="test01" time="20.500" classname="com.webtest.demo.ExcelDataTest"/>
  <system-out/>
</testsuite> <!-- com.webtest.demo.ExcelDataTest -->
