<?xml version="1.0" encoding="UTF-8"?>
<!-- Generated by org.testng.reporters.JUnitReportReporter -->
<testsuite skipped="0" hostname="DESKTOP-5TOTOK8" name="com.webtest.demo.TestDemo" tests="1" failures="0" timestamp="2020-11-26T08:41:13 CST" time="16.965" errors="0">
  <testcase name="test24" time="16.965" classname="com.webtest.demo.TestDemo"/>
  <system-out/>
</testsuite> <!-- com.webtest.demo.TestDemo -->
