<?xml version="1.0" encoding="UTF-8"?>
<!-- Generated by org.testng.reporters.JUnitReportReporter -->
<testsuite skipped="0" hostname="DESKTOP-5TOTOK8" name="com.webtest.demo.zchExcelDataTest" tests="3" failures="0" timestamp="2020-12-09T08:34:15 CST" time="63.785" errors="0">
  <testcase name="test01" time="20.517" classname="com.webtest.demo.zchExcelDataTest"/>
  <system-out/>
  <testcase name="test01" time="22.697" classname="com.webtest.demo.zchExcelDataTest"/>
  <system-out/>
  <testcase name="test01" time="20.571" classname="com.webtest.demo.zchExcelDataTest"/>
  <system-out/>
</testsuite> <!-- com.webtest.demo.zchExcelDataTest -->
